50.0 APEX_CODE,DEBUG;APEX_PROFILING,FINEST;CALLOUT,INFO;DB,INFO;NBA,INFO;SYSTEM,DEBUG;VALIDATION,INFO;VISUALFORCE,INFO;WAVE,INFO;WORKFLOW,INFO
19:59:39.0 (144390)|USER_INFO|[EXTERNAL]|0052w000003B0GM|satishkc@skcncinodemo.com.demofcsb|(GMT+11:00) Australian Eastern Daylight Time (Australia/Sydney)|GMT+11:00
19:59:39.0 (180460)|EXECUTION_STARTED
19:59:39.0 (186672)|CODE_UNIT_STARTED|[EXTERNAL]|VF: /apextemplate/apexremote
19:59:39.447 (447757593)|CUMULATIVE_LIMIT_USAGE
19:59:39.447 (447757593)|LIMIT_USAGE_FOR_NS|(default)|
  Number of SOQL queries: 0 out of 100
  Number of query rows: 0 out of 50000
  Number of SOSL queries: 0 out of 20
  Number of DML statements: 0 out of 150
  Number of Publish Immediate DML: 0 out of 150
  Number of DML rows: 0 out of 10000
  Maximum CPU time: 0 out of 10000
  Maximum heap size: 0 out of 6000000
  Number of callouts: 0 out of 100
  Number of Email Invocations: 0 out of 10
  Number of future calls: 0 out of 50
  Number of queueable jobs added to the queue: 0 out of 50
  Number of Mobile Apex push calls: 0 out of 10

19:59:39.447 (447757593)|TOTAL_EMAIL_RECIPIENTS_QUEUED|0
19:59:39.447 (447757593)|CUMULATIVE_LIMIT_USAGE_END

19:59:39.0 (447841901)|CODE_UNIT_FINISHED|VF: /apextemplate/apexremote
19:59:39.0 (447858399)|EXECUTION_FINISHED
19:59:39.449 (449175156)|CUMULATIVE_PROFILING_BEGIN
19:59:39.449 (449175156)|CUMULATIVE_PROFILING|No profiling information for SOQL operations
19:59:39.449 (449175156)|CUMULATIVE_PROFILING|No profiling information for SOSL operations
19:59:39.449 (449175156)|CUMULATIVE_PROFILING|No profiling information for DML operations
19:59:39.449 (449175156)|CUMULATIVE_PROFILING|No profiling information for method invocations
19:59:39.449 (449175156)|CUMULATIVE_PROFILING_END
